Failed to start server: Error: listen EADDRINUSE: address already in use 127.0.0.1:8923
    at Server.setupListenHandle [as _listen2] (node:net:1940:16)
    at listenInCluster (node:net:1997:12)
    at node:net:2206:7
    at process.processTicksAndRejections (node:internal/process/task_queues:90:21) {
  code: 'EADDRINUSE',
  errno: -4091,
  syscall: 'listen',
  address: '127.0.0.1',
  port: 8923
}
Failed to start server: Error: listen EADDRINUSE: address already in use 127.0.0.1:8923
[90m    at Server.setupListenHandle [as _listen2] (node:net:1940:16)[39m
[90m    at listenInCluster (node:net:1997:12)[39m
[90m    at node:net:2206:7[39m
[90m    at process.processTicksAndRejections (node:internal/process/task_queues:90:21)[39m {
  code: [32m'EADDRINUSE'[39m,
  errno: [33m-4091[39m,
  syscall: [32m'listen'[39m,
  address: [32m'127.0.0.1'[39m,
  port: [33m8923[39m
}
Failed to start server: Error: listen EADDRINUSE: address already in use 127.0.0.1:8923
[90m    at Server.setupListenHandle [as _listen2] (node:net:1940:16)[39m
[90m    at listenInCluster (node:net:1997:12)[39m
[90m    at node:net:2206:7[39m
[90m    at process.processTicksAndRejections (node:internal/process/task_queues:90:21)[39m {
  code: [32m'EADDRINUSE'[39m,
  errno: [33m-4091[39m,
  syscall: [32m'listen'[39m,
  address: [32m'127.0.0.1'[39m,
  port: [33m8923[39m
}
